Log file open, 10/02/20 08:03:19
LogInit: Display: Running engine for game: Plugin
LogPlatformFile: Not using cached read wrapper
LogTaskGraph: Started task graph with 5 named threads and 35 total threads with 3 sets of task threads.
LogStats: Stats thread started at 0.248233
LogD3D11RHI: Loaded GFSDK_Aftermath_Lib.x64.dll
LogICUInternationalization: ICU TimeZone Detection - Raw Offset: +1:00, Platform Override: ''
LogPluginManager: Mounting plugin Paper2D
LogPluginManager: Mounting plugin AISupport
LogPluginManager: Mounting plugin LightPropagationVolume
LogPluginManager: Mounting plugin CameraShakePreviewer
LogPluginManager: Mounting plugin ActorLayerUtilities
LogPluginManager: Mounting plugin AnimationSharing
LogPluginManager: Mounting plugin CLionSourceCodeAccess
LogPluginManager: Mounting plugin CodeLiteSourceCodeAccess
LogPluginManager: Mounting plugin GitSourceControl
LogPluginManager: Mounting plugin KDevelopSourceCodeAccess
LogPluginManager: Mounting plugin NullSourceCodeAccess
LogPluginManager: Mounting plugin PerforceSourceControl
LogPluginManager: Mounting plugin PlasticSourceControl
LogPluginManager: Mounting plugin RiderSourceCodeAccess
LogPluginManager: Mounting plugin SubversionSourceControl
LogPluginManager: Mounting plugin UObjectPlugin
LogPluginManager: Mounting plugin VisualStudioCodeSourceCodeAccess
LogPluginManager: Mounting plugin VisualStudioSourceCodeAccess
LogPluginManager: Mounting plugin XCodeSourceCodeAccess
LogPluginManager: Mounting plugin AssetManagerEditor
LogPluginManager: Mounting plugin CryptoKeys
LogPluginManager: Mounting plugin CurveEditorTools
LogPluginManager: Mounting plugin DataValidation
LogPluginManager: Mounting plugin EditorScriptingUtilities
LogPluginManager: Mounting plugin FacialAnimation
LogPluginManager: Mounting plugin GameplayTagsEditor
LogPluginManager: Mounting plugin GeometryMode
LogPluginManager: Mounting plugin MacGraphicsSwitching
LogPluginManager: Mounting plugin MaterialAnalyzer
LogPluginManager: Mounting plugin MobileLauncherProfileWizard
LogPluginManager: Mounting plugin PluginBrowser
LogPluginManager: Mounting plugin SpeedTreeImporter
LogPluginManager: Mounting plugin DatasmithContent
LogPluginManager: Mounting plugin VariantManagerContent
LogPluginManager: Mounting plugin AlembicImporter
LogPluginManager: Mounting plugin AutomationUtils
LogPluginManager: Mounting plugin BackChannel
LogPluginManager: Mounting plugin ChaosCloth
LogPluginManager: Mounting plugin ChaosClothEditor
LogPluginManager: Mounting plugin ChaosEditor
LogPluginManager: Mounting plugin ChaosNiagara
LogPluginManager: Mounting plugin ChaosSolverPlugin
LogPluginManager: Mounting plugin CharacterAI
LogPluginManager: Mounting plugin GeometryCache
LogPluginManager: Mounting plugin GeometryCollectionPlugin
LogPluginManager: Mounting plugin GeometryProcessing
LogPluginManager: Mounting plugin PlanarCut
LogPluginManager: Mounting plugin PlatformCrypto
LogPluginManager: Mounting plugin ProxyLODPlugin
LogPluginManager: Mounting plugin SkeletalReduction
LogPluginManager: Mounting plugin Niagara
LogPluginManager: Mounting plugin MagicLeap
LogPluginManager: Mounting plugin MagicLeapLightEstimation
LogPluginManager: Mounting plugin MagicLeapMedia
LogPluginManager: Mounting plugin MagicLeapPassableWorld
LogPluginManager: Mounting plugin MLSDK
LogPluginManager: Mounting plugin AndroidMedia
LogPluginManager: Mounting plugin AvfMedia
LogPluginManager: Mounting plugin ImgMedia
LogPluginManager: Mounting plugin MediaCompositing
LogPluginManager: Mounting plugin MediaPlayerEditor
LogPluginManager: Mounting plugin WebMMedia
LogPluginManager: Mounting plugin WmfMedia
LogPluginManager: Mounting plugin MeshPainting
LogPluginManager: Mounting plugin TcpMessaging
LogPluginManager: Mounting plugin UdpMessaging
LogPluginManager: Mounting plugin ActorSequence
LogPluginManager: Mounting plugin LevelSequenceEditor
LogPluginManager: Mounting plugin MatineeToLevelSequence
LogPluginManager: Mounting plugin MovieRenderPipeline
LogPluginManager: Mounting plugin TemplateSequence
LogPluginManager: Mounting plugin NetcodeUnitTest
LogPluginManager: Mounting plugin NUTUnrealEngine4
LogPluginManager: Mounting plugin OnlineSubsystemGooglePlay
LogPluginManager: Mounting plugin OnlineSubsystemIOS
LogPluginManager: Mounting plugin OnlineSubsystem
LogPluginManager: Mounting plugin OnlineSubsystemNull
LogPluginManager: Mounting plugin OnlineSubsystemUtils
LogPluginManager: Mounting plugin LauncherChunkInstaller
LogPluginManager: Mounting plugin AndroidDeviceProfileSelector
LogPluginManager: Mounting plugin AndroidMoviePlayer
LogPluginManager: Mounting plugin AndroidPermission
LogPluginManager: Mounting plugin AppleImageUtils
LogPluginManager: Mounting plugin AppleMoviePlayer
LogPluginManager: Mounting plugin ArchVisCharacter
LogPluginManager: Mounting plugin AssetTags
LogPluginManager: Mounting plugin AudioCapture
LogPluginManager: Mounting plugin CableComponent
LogPluginManager: Mounting plugin CustomMeshComponent
LogPluginManager: Mounting plugin EditableMesh
LogPluginManager: Mounting plugin ExampleDeviceProfileSelector
LogPluginManager: Mounting plugin GoogleCloudMessaging
LogPluginManager: Mounting plugin GooglePAD
LogPluginManager: Mounting plugin IOSDeviceProfileSelector
LogPluginManager: Mounting plugin LinuxDeviceProfileSelector
LogPluginManager: Mounting plugin LocationServicesBPLibrary
LogPluginManager: Mounting plugin MobilePatchingUtils
LogPluginManager: Mounting plugin PhysXVehicles
LogPluginManager: Mounting plugin PostSplashScreen
LogPluginManager: Mounting plugin ProceduralMeshComponent
LogPluginManager: Mounting plugin RuntimePhysXCooking
LogPluginManager: Mounting plugin SignificanceManager
LogPluginManager: Mounting plugin SoundFields
LogPluginManager: Mounting plugin Synthesis
LogPluginManager: Mounting plugin WebMMoviePlayer
LogPluginManager: Mounting plugin WindowsMoviePlayer
LogPluginManager: Mounting plugin ScreenshotTools
LogPluginManager: Mounting plugin UnrealInk
LogInit: Using libcurl 7.55.1-DEV
LogInit:  - built for x86_64-pc-win32
LogInit:  - supports SSL with OpenSSL/1.1.1
LogInit:  - supports HTTP deflate (compression) using libz 1.2.8
LogInit:  - other features:
LogInit:      CURL_VERSION_SSL
LogInit:      CURL_VERSION_LIBZ
LogInit:      CURL_VERSION_IPV6
LogInit:      CURL_VERSION_ASYNCHDNS
LogInit:      CURL_VERSION_LARGEFILE
LogInit:      CURL_VERSION_IDN
LogInit:  CurlRequestOptions (configurable via config and command line):
LogInit:  - bVerifyPeer = true  - Libcurl will verify peer certificate
LogInit:  - bUseHttpProxy = false  - Libcurl will NOT use HTTP proxy
LogInit:  - bDontReuseConnections = false  - Libcurl will reuse connections
LogInit:  - MaxHostConnections = 16  - Libcurl will limit the number of connections to a host
LogInit:  - LocalHostAddr = Default
LogInit:  - BufferSize = 65536
LogOnline: OSS: Creating online subsystem instance for: NULL
LogInit: WinSock: version 1.1 (2.2), MaxSocks=32767, MaxUdp=65467
LogOnline: OSS: TryLoadSubsystemAndSetDefault: Loaded subsystem for module [NULL]
LogInit: Build: ++UE4+Release-4.25-CL-13942748
LogInit: Engine Version: 4.25.3-13942748+++UE4+Release-4.25
LogInit: Compatible Engine Version: 4.25.0-13144385+++UE4+Release-4.25
LogInit: Net CL: 13144385
LogInit: OS: Windows 10 (Release 2004) (), CPU: AMD Ryzen 9 3900X 12-Core Processor            , GPU: NVIDIA GeForce GTX 1080
LogInit: Compiled (64-bit): Jul 25 2020 02:07:48
LogInit: Compiled with Visual C++: 19.24.28315.00
LogInit: Build Configuration: DebugGame
LogInit: Branch Name: ++UE4+Release-4.25
LogInit: Command Line:  -skipcompile
LogInit: Base Directory: P:/UE_4.25/Engine/Binaries/Win64/
LogInit: Allocator: TBB
LogInit: Installed Engine Build: 1
LogDevObjectVersion: Number of dev versions registered: 26
LogDevObjectVersion:   Dev-Blueprints (B0D832E4-1F89-4F0D-ACCF-7EB736FD4AA2): 10
LogDevObjectVersion:   Dev-Build (E1C64328-A22C-4D53-A36C-8E866417BD8C): 0
LogDevObjectVersion:   Dev-Core (375EC13C-06E4-48FB-B500-84F0262A717E): 4
LogDevObjectVersion:   Dev-Editor (E4B068ED-F494-42E9-A231-DA0B2E46BB41): 38
LogDevObjectVersion:   Dev-Framework (CFFC743F-43B0-4480-9391-14DF171D2073): 37
LogDevObjectVersion:   Dev-Mobile (B02B49B5-BB20-44E9-A304-32B752E40360): 2
LogDevObjectVersion:   Dev-Networking (A4E4105C-59A1-49B5-A7C5-40C4547EDFEE): 0
LogDevObjectVersion:   Dev-Online (39C831C9-5AE6-47DC-9A44-9C173E1C8E7C): 0
LogDevObjectVersion:   Dev-Physics (78F01B33-EBEA-4F98-B9B4-84EACCB95AA2): 4
LogDevObjectVersion:   Dev-Platform (6631380F-2D4D-43E0-8009-CF276956A95A): 0
LogDevObjectVersion:   Dev-Rendering (12F88B9F-8875-4AFC-A67C-D90C383ABD29): 43
LogDevObjectVersion:   Dev-Sequencer (7B5AE74C-D270-4C10-A958-57980B212A5A): 12
LogDevObjectVersion:   Dev-VR (D7296918-1DD6-4BDD-9DE2-64A83CC13884): 3
LogDevObjectVersion:   Dev-LoadTimes (C2A15278-BFE7-4AFE-6C17-90FF531DF755): 1
LogDevObjectVersion:   Private-Geometry (6EACA3D4-40EC-4CC1-B786-8BED09428FC5): 3
LogDevObjectVersion:   Dev-AnimPhys (29E575DD-E0A3-4627-9D10-D276232CDCEA): 17
LogDevObjectVersion:   Dev-Anim (AF43A65D-7FD3-4947-9873-3E8ED9C1BB05): 7
LogDevObjectVersion:   Dev-ReflectionCapture (6B266CEC-1EC7-4B8F-A30B-E4D90942FC07): 1
LogDevObjectVersion:   Dev-Automation (0DF73D61-A23F-47EA-B727-89E90C41499A): 1
LogDevObjectVersion:   FortniteMain (601D1886-AC64-4F84-AA16-D3DE0DEAC7D6): 31
LogDevObjectVersion:   Dev-Enterprise (9DFFBCD6-494F-0158-E221-12823C92A888): 10
LogDevObjectVersion:   Dev-Niagara (F2AED0AC-9AFE-416F-8664-AA7FFA26D6FC): 1
LogDevObjectVersion:   Dev-Destruction (174F1F0B-B4C6-45A5-B13F-2EE8D0FB917D): 10
LogDevObjectVersion:   Dev-Physics-Ext (35F94A83-E258-406C-A318-09F59610247C): 37
LogDevObjectVersion:   Dev-PhysicsMaterial-Chaos (B68FC16E-8B1B-42E2-B453-215C058844FE): 1
LogDevObjectVersion:   Dev-CineCamera (B2E18506-4273-CFC2-A54E-F4BB758BBA07): 1
LogInit: Presizing for max 25165824 objects, including 0 objects not considered by GC, pre-allocating 0 bytes for permanent pool.
LogConfig: Applying CVar settings from Section [/Script/Engine.StreamingSettings] File [W:/Unreal/UnrealInk/Saved/Config/Windows/Engine.ini]
LogConfig: Setting CVar [[s.MinBulkDataSizeForAsyncLoading:131072]]
LogConfig: Setting CVar [[s.AsyncLoadingThreadEnabled:0]]
LogConfig: Setting CVar [[s.EventDrivenLoaderEnabled:1]]
LogConfig: Setting CVar [[s.WarnIfTimeLimitExceeded:0]]
LogConfig: Setting CVar [[s.TimeLimitExceededMultiplier:1.5]]
LogConfig: Setting CVar [[s.TimeLimitExceededMinTime:0.005]]
LogConfig: Setting CVar [[s.UseBackgroundLevelStreaming:1]]
LogConfig: Setting CVar [[s.PriorityAsyncLoadingExtraTime:15.0]]
LogConfig: Setting CVar [[s.LevelStreamingActorsUpdateTimeLimit:5.0]]
LogConfig: Setting CVar [[s.PriorityLevelStreamingActorsUpdateExtraTime:5.0]]
LogConfig: Setting CVar [[s.LevelStreamingComponentsRegistrationGranularity:10]]
LogConfig: Setting CVar [[s.UnregisterComponentsTimeLimit:1.0]]
LogConfig: Setting CVar [[s.LevelStreamingComponentsUnregistrationGranularity:5]]
LogConfig: Setting CVar [[s.FlushStreamingOnExit:1]]
LogInit: Object subsystem initialized
LogConfig: Setting CVar [[con.DebugEarlyDefault:1]]
LogConfig: Setting CVar [[r.setres:1280x720]]
[2020.10.02-06.03.19:742][  0]LogConfig: Setting CVar [[r.VSync:0]]
[2020.10.02-06.03.19:742][  0]LogConfig: Setting CVar [[r.RHICmdBypass:0]]
[2020.10.02-06.03.19:742][  0]LogConfig: Applying CVar settings from Section [/Script/Engine.RendererSettings] File [W:/Unreal/UnrealInk/Saved/Config/Windows/Engine.ini]
[2020.10.02-06.03.19:742][  0]LogConfig: Setting CVar [[r.GPUCrashDebugging:0]]
[2020.10.02-06.03.19:742][  0]LogConfig: Applying CVar settings from Section [/Script/Engine.RendererOverrideSettings] File [W:/Unreal/UnrealInk/Saved/Config/Windows/Engine.ini]
[2020.10.02-06.03.19:742][  0]LogConfig: Applying CVar settings from Section [/Script/Engine.StreamingSettings] File [W:/Unreal/UnrealInk/Saved/Config/Windows/Engine.ini]
[2020.10.02-06.03.19:742][  0]LogConfig: Setting CVar [[s.MinBulkDataSizeForAsyncLoading:131072]]
[2020.10.02-06.03.19:742][  0]LogConfig: Setting CVar [[s.AsyncLoadingThreadEnabled:0]]
[2020.10.02-06.03.19:742][  0]LogConfig: Setting CVar [[s.EventDrivenLoaderEnabled:1]]
[2020.10.02-06.03.19:742][  0]LogConfig: Setting CVar [[s.WarnIfTimeLimitExceeded:0]]
[2020.10.02-06.03.19:743][  0]LogConfig: Setting CVar [[s.TimeLimitExceededMultiplier:1.5]]
[2020.10.02-06.03.19:743][  0]LogConfig: Setting CVar [[s.TimeLimitExceededMinTime:0.005]]
[2020.10.02-06.03.19:743][  0]LogConfig: Setting CVar [[s.UseBackgroundLevelStreaming:1]]
[2020.10.02-06.03.19:743][  0]LogConfig: Setting CVar [[s.PriorityAsyncLoadingExtraTime:15.0]]
[2020.10.02-06.03.19:743][  0]LogConfig: Setting CVar [[s.LevelStreamingActorsUpdateTimeLimit:5.0]]
[2020.10.02-06.03.19:743][  0]LogConfig: Setting CVar [[s.PriorityLevelStreamingActorsUpdateExtraTime:5.0]]
[2020.10.02-06.03.19:743][  0]LogConfig: Setting CVar [[s.LevelStreamingComponentsRegistrationGranularity:10]]
[2020.10.02-06.03.19:743][  0]LogConfig: Setting CVar [[s.UnregisterComponentsTimeLimit:1.0]]
[2020.10.02-06.03.19:743][  0]LogConfig: Setting CVar [[s.LevelStreamingComponentsUnregistrationGranularity:5]]
[2020.10.02-06.03.19:743][  0]LogConfig: Setting CVar [[s.FlushStreamingOnExit:1]]
[2020.10.02-06.03.19:743][  0]LogConfig: Applying CVar settings from Section [/Script/Engine.GarbageCollectionSettings] File [W:/Unreal/UnrealInk/Saved/Config/Windows/Engine.ini]
[2020.10.02-06.03.19:743][  0]LogConfig: Setting CVar [[gc.MaxObjectsNotConsideredByGC:1]]
[2020.10.02-06.03.19:743][  0]LogConfig: Setting CVar [[gc.SizeOfPermanentObjectPool:0]]
[2020.10.02-06.03.19:743][  0]LogConfig: Setting CVar [[gc.FlushStreamingOnGC:0]]
[2020.10.02-06.03.19:743][  0]LogConfig: Setting CVar [[gc.NumRetriesBeforeForcingGC:10]]
[2020.10.02-06.03.19:743][  0]LogConfig: Setting CVar [[gc.AllowParallelGC:1]]
[2020.10.02-06.03.19:743][  0]LogConfig: Setting CVar [[gc.TimeBetweenPurgingPendingKillObjects:61.1]]
[2020.10.02-06.03.19:743][  0]LogConfig: Setting CVar [[gc.MaxObjectsInEditor:25165824]]
[2020.10.02-06.03.19:743][  0]LogConfig: Setting CVar [[gc.IncrementalBeginDestroyEnabled:1]]
[2020.10.02-06.03.19:743][  0]LogConfig: Setting CVar [[gc.CreateGCClusters:1]]
[2020.10.02-06.03.19:743][  0]LogConfig: Setting CVar [[gc.MinGCClusterSize:5]]
[2020.10.02-06.03.19:744][  0]LogConfig: Setting CVar [[gc.ActorClusteringEnabled:0]]
[2020.10.02-06.03.19:744][  0]LogConfig: Setting CVar [[gc.BlueprintClusteringEnabled:0]]
[2020.10.02-06.03.19:744][  0]LogConfig: Setting CVar [[gc.UseDisregardForGCOnDedicatedServers:0]]
[2020.10.02-06.03.19:744][  0]LogConfig: Applying CVar settings from Section [/Script/Engine.NetworkSettings] File [W:/Unreal/UnrealInk/Saved/Config/Windows/Engine.ini]
[2020.10.02-06.03.19:744][  0]LogConfig: Applying CVar settings from Section [/Script/UnrealEd.CookerSettings] File [W:/Unreal/UnrealInk/Saved/Config/Windows/Engine.ini]
[2020.10.02-06.03.19:751][  0]LogConfig: Applying CVar settings from Section [ViewDistanceQuality@3] File [W:/Unreal/UnrealInk/Saved/Config/Windows/Scalability.ini]
[2020.10.02-06.03.19:752][  0]LogConfig: Setting CVar [[r.SkeletalMeshLODBias:0]]
[2020.10.02-06.03.19:752][  0]LogConfig: Setting CVar [[r.ViewDistanceScale:1.0]]
[2020.10.02-06.03.19:752][  0]LogConfig: Applying CVar settings from Section [AntiAliasingQuality@3] File [W:/Unreal/UnrealInk/Saved/Config/Windows/Scalability.ini]
[2020.10.02-06.03.19:752][  0]LogConfig: Setting CVar [[r.PostProcessAAQuality:4]]
[2020.10.02-06.03.19:752][  0]LogConfig: Applying CVar settings from Section [ShadowQuality@3] File [W:/Unreal/UnrealInk/Saved/Config/Windows/Scalability.ini]
[2020.10.02-06.03.19:752][  0]LogConfig: Setting CVar [[r.LightFunctionQuality:1]]
[2020.10.02-06.03.19:752][  0]LogConfig: Setting CVar [[r.ShadowQuality:5]]
[2020.10.02-06.03.19:752][  0]LogConfig: Setting CVar [[r.Shadow.CSM.MaxCascades:10]]
[2020.10.02-06.03.19:752][  0]LogConfig: Setting CVar [[r.Shadow.MaxResolution:2048]]
[2020.10.02-06.03.19:752][  0]LogConfig: Setting CVar [[r.Shadow.MaxCSMResolution:2048]]
[2020.10.02-06.03.19:752][  0]LogConfig: Setting CVar [[r.Shadow.RadiusThreshold:0.01]]
[2020.10.02-06.03.19:752][  0]LogConfig: Setting CVar [[r.Shadow.DistanceScale:1.0]]
[2020.10.02-06.03.19:752][  0]LogConfig: Setting CVar [[r.Shadow.CSM.TransitionScale:1.0]]
[2020.10.02-06.03.19:752][  0]LogConfig: Setting CVar [[r.Shadow.PreShadowResolutionFactor:1.0]]
[2020.10.02-06.03.19:752][  0]LogConfig: Setting CVar [[r.DistanceFieldShadowing:1]]
[2020.10.02-06.03.19:752][  0]LogConfig: Setting CVar [[r.DistanceFieldAO:1]]
[2020.10.02-06.03.19:752][  0]LogConfig: Setting CVar [[r.AOQuality:2]]
[2020.10.02-06.03.19:752][  0]LogConfig: Setting CVar [[r.VolumetricFog:1]]
[2020.10.02-06.03.19:752][  0]LogConfig: Setting CVar [[r.VolumetricFog.GridPixelSize:8]]
[2020.10.02-06.03.19:753][  0]LogConfig: Setting CVar [[r.VolumetricFog.GridSizeZ:128]]
[2020.10.02-06.03.19:753][  0]LogConfig: Setting CVar [[r.VolumetricFog.HistoryMissSupersampleCount:4]]
[2020.10.02-06.03.19:753][  0]LogConfig: Setting CVar [[r.LightMaxDrawDistanceScale:1]]
[2020.10.02-06.03.19:753][  0]LogConfig: Setting CVar [[r.CapsuleShadows:1]]
[2020.10.02-06.03.19:753][  0]LogConfig: Applying CVar settings from Section [PostProcessQuality@3] File [W:/Unreal/UnrealInk/Saved/Config/Windows/Scalability.ini]
[2020.10.02-06.03.19:753][  0]LogConfig: Setting CVar [[r.MotionBlurQuality:4]]
[2020.10.02-06.03.19:753][  0]LogConfig: Setting CVar [[r.AmbientOcclusionMipLevelFactor:0.4]]
[2020.10.02-06.03.19:753][  0]LogConfig: Setting CVar [[r.AmbientOcclusionMaxQuality:100]]
[2020.10.02-06.03.19:753][  0]LogConfig: Setting CVar [[r.AmbientOcclusionLevels:-1]]
[2020.10.02-06.03.19:753][  0]LogConfig: Setting CVar [[r.AmbientOcclusionRadiusScale:1.0]]
[2020.10.02-06.03.19:753][  0]LogConfig: Setting CVar [[r.DepthOfFieldQuality:2]]
[2020.10.02-06.03.19:753][  0]LogConfig: Setting CVar [[r.RenderTargetPoolMin:400]]
[2020.10.02-06.03.19:753][  0]LogConfig: Setting CVar [[r.LensFlareQuality:2]]
[2020.10.02-06.03.19:753][  0]LogConfig: Setting CVar [[r.SceneColorFringeQuality:1]]
[2020.10.02-06.03.19:753][  0]LogConfig: Setting CVar [[r.EyeAdaptationQuality:2]]
[2020.10.02-06.03.19:753][  0]LogConfig: Setting CVar [[r.BloomQuality:5]]
[2020.10.02-06.03.19:753][  0]LogConfig: Setting CVar [[r.FastBlurThreshold:100]]
[2020.10.02-06.03.19:753][  0]LogConfig: Setting CVar [[r.Upscale.Quality:3]]
[2020.10.02-06.03.19:753][  0]LogConfig: Setting CVar [[r.Tonemapper.GrainQuantization:1]]
[2020.10.02-06.03.19:753][  0]LogConfig: Setting CVar [[r.LightShaftQuality:1]]
[2020.10.02-06.03.19:753][  0]LogConfig: Setting CVar [[r.Filter.SizeScale:1]]
[2020.10.02-06.03.19:753][  0]LogConfig: Setting CVar [[r.Tonemapper.Quality:5]]
[2020.10.02-06.03.19:754][  0]LogConfig: Setting CVar [[r.DOF.Gather.AccumulatorQuality:1        ; higher gathering accumulator quality]]
[2020.10.02-06.03.19:754][  0]LogConfig: Setting CVar [[r.DOF.Gather.PostfilterMethod:1          ; Median3x3 postfilering method]]
[2020.10.02-06.03.19:754][  0]LogConfig: Setting CVar [[r.DOF.Gather.EnableBokehSettings:0       ; no bokeh simulation when gathering]]
[2020.10.02-06.03.19:754][  0]LogConfig: Setting CVar [[r.DOF.Gather.RingCount:4                 ; medium number of samples when gathering]]
[2020.10.02-06.03.19:754][  0]LogConfig: Setting CVar [[r.DOF.Scatter.ForegroundCompositing:1    ; additive foreground scattering]]
[2020.10.02-06.03.19:754][  0]LogConfig: Setting CVar [[r.DOF.Scatter.BackgroundCompositing:2    ; additive background scattering]]
[2020.10.02-06.03.19:754][  0]LogConfig: Setting CVar [[r.DOF.Scatter.EnableBokehSettings:1      ; bokeh simulation when scattering]]
[2020.10.02-06.03.19:754][  0]LogConfig: Setting CVar [[r.DOF.Scatter.MaxSpriteRatio:0.1         ; only a maximum of 10% of scattered bokeh]]
[2020.10.02-06.03.19:754][  0]LogConfig: Setting CVar [[r.DOF.Recombine.Quality:1                ; cheap slight out of focus]]
[2020.10.02-06.03.19:754][  0]LogConfig: Setting CVar [[r.DOF.Recombine.EnableBokehSettings:0    ; no bokeh simulation on slight out of focus]]
[2020.10.02-06.03.19:754][  0]LogConfig: Setting CVar [[r.DOF.TemporalAAQuality:1                ; more stable temporal accumulation]]
[2020.10.02-06.03.19:754][  0]LogConfig: Setting CVar [[r.DOF.Kernel.MaxForegroundRadius:0.025]]
[2020.10.02-06.03.19:754][  0]LogConfig: Setting CVar [[r.DOF.Kernel.MaxBackgroundRadius:0.025]]
[2020.10.02-06.03.19:754][  0]LogConfig: Applying CVar settings from Section [TextureQuality@3] File [W:/Unreal/UnrealInk/Saved/Config/Windows/Scalability.ini]
[2020.10.02-06.03.19:754][  0]LogConfig: Setting CVar [[r.Streaming.MipBias:0]]
[2020.10.02-06.03.19:754][  0]LogConfig: Setting CVar [[r.Streaming.AmortizeCPUToGPUCopy:0]]
[2020.10.02-06.03.19:754][  0]LogConfig: Setting CVar [[r.Streaming.MaxNumTexturesToStreamPerFrame:0]]
[2020.10.02-06.03.19:754][  0]LogConfig: Setting CVar [[r.Streaming.Boost:1]]
[2020.10.02-06.03.19:754][  0]LogConfig: Setting CVar [[r.MaxAnisotropy:8]]
[2020.10.02-06.03.19:754][  0]LogConfig: Setting CVar [[r.VT.MaxAnisotropy:8]]
[2020.10.02-06.03.19:754][  0]LogConfig: Setting CVar [[r.Streaming.LimitPoolSizeToVRAM:0]]
[2020.10.02-06.03.19:754][  0]LogConfig: Setting CVar [[r.Streaming.PoolSize:1000]]
[2020.10.02-06.03.19:755][  0]LogConfig: Setting CVar [[r.Streaming.MaxEffectiveScreenSize:0]]
[2020.10.02-06.03.19:755][  0]LogConfig: Applying CVar settings from Section [EffectsQuality@3] File [W:/Unreal/UnrealInk/Saved/Config/Windows/Scalability.ini]
[2020.10.02-06.03.19:755][  0]LogConfig: Setting CVar [[r.TranslucencyLightingVolumeDim:64]]
[2020.10.02-06.03.19:755][  0]LogConfig: Setting CVar [[r.RefractionQuality:2]]
[2020.10.02-06.03.19:755][  0]LogConfig: Setting CVar [[r.SSR.Quality:3]]
[2020.10.02-06.03.19:755][  0]LogConfig: Setting CVar [[r.SSR.HalfResSceneColor:0]]
[2020.10.02-06.03.19:755][  0]LogConfig: Setting CVar [[r.SceneColorFormat:4]]
[2020.10.02-06.03.19:755][  0]LogConfig: Setting CVar [[r.DetailMode:2]]
[2020.10.02-06.03.19:755][  0]LogConfig: Setting CVar [[r.TranslucencyVolumeBlur:1]]
[2020.10.02-06.03.19:755][  0]LogConfig: Setting CVar [[r.MaterialQualityLevel:1 ; High quality]]
[2020.10.02-06.03.19:755][  0]LogConfig: Setting CVar [[r.SSS.Scale:1]]
[2020.10.02-06.03.19:755][  0]LogConfig: Setting CVar [[r.SSS.SampleSet:2]]
[2020.10.02-06.03.19:755][  0]LogConfig: Setting CVar [[r.SSS.Quality:1]]
[2020.10.02-06.03.19:755][  0]LogConfig: Setting CVar [[r.SSS.HalfRes:0]]
[2020.10.02-06.03.19:755][  0]LogConfig: Setting CVar [[r.SSGI.Quality:3]]
[2020.10.02-06.03.19:755][  0]LogConfig: Setting CVar [[r.EmitterSpawnRateScale:1.0]]
[2020.10.02-06.03.19:755][  0]LogConfig: Setting CVar [[r.ParticleLightQuality:2]]
[2020.10.02-06.03.19:755][  0]LogConfig: Setting CVar [[r.SkyAtmosphere.AerialPerspectiveLUT.FastApplyOnOpaque:1 ; Always have FastSkyLUT 1 in this case to avoid wrong sky]]
[2020.10.02-06.03.19:755][  0]LogConfig: Setting CVar [[r.SkyAtmosphere.AerialPerspectiveLUT.SampleCountPerSlice:1]]
[2020.10.02-06.03.19:755][  0]LogConfig: Setting CVar [[r.SkyAtmosphere.AerialPerspectiveLUT.DepthResolution:16.0]]
[2020.10.02-06.03.19:755][  0]LogConfig: Setting CVar [[r.SkyAtmosphere.FastSkyLUT:1]]
[2020.10.02-06.03.19:755][  0]LogConfig: Setting CVar [[r.SkyAtmosphere.FastSkyLUT.SampleCountMin:4.0]]
[2020.10.02-06.03.19:755][  0]LogConfig: Setting CVar [[r.SkyAtmosphere.FastSkyLUT.SampleCountMax:32.0]]
[2020.10.02-06.03.19:755][  0]LogConfig: Setting CVar [[r.SkyAtmosphere.SampleCountMin:4.0]]
[2020.10.02-06.03.19:756][  0]LogConfig: Setting CVar [[r.SkyAtmosphere.SampleCountMax:32.0]]
[2020.10.02-06.03.19:756][  0]LogConfig: Setting CVar [[r.SkyAtmosphere.TransmittanceLUT.UseSmallFormat:0]]
[2020.10.02-06.03.19:756][  0]LogConfig: Setting CVar [[r.SkyAtmosphere.TransmittanceLUT.SampleCount:10.0]]
[2020.10.02-06.03.19:756][  0]LogConfig: Setting CVar [[r.SkyAtmosphere.MultiScatteringLUT.SampleCount:15.0]]
[2020.10.02-06.03.19:756][  0]LogConfig: Applying CVar settings from Section [FoliageQuality@3] File [W:/Unreal/UnrealInk/Saved/Config/Windows/Scalability.ini]
[2020.10.02-06.03.19:756][  0]LogConfig: Setting CVar [[foliage.DensityScale:1.0]]
[2020.10.02-06.03.19:756][  0]LogConfig: Setting CVar [[grass.DensityScale:1.0]]
[2020.10.02-06.03.19:756][  0]LogConfig: Applying CVar settings from Section [ShadingQuality@3] File [W:/Unreal/UnrealInk/Saved/Config/Windows/Scalability.ini]
[2020.10.02-06.03.19:756][  0]LogConfig: Setting CVar [[r.HairStrands.SkyLighting.SampleCount:16]]
[2020.10.02-06.03.19:756][  0]LogConfig: Setting CVar [[r.HairStrands.SkyLighting.JitterIntegration:0]]
[2020.10.02-06.03.19:756][  0]LogConfig: Setting CVar [[r.HairStrands.SkyAO.SampleCount:16]]
[2020.10.02-06.03.19:756][  0]LogConfig: Setting CVar [[r.HairStrands.DeepShadow.SuperSampling:0]]
[2020.10.02-06.03.19:756][  0]LogConfig: Setting CVar [[r.HairStrands.VisibilityPPLL:0]]
[2020.10.02-06.03.19:756][  0]LogConfig: Setting CVar [[r.HairStrands.RasterizationScale:0.5]]
[2020.10.02-06.03.19:756][  0]LogConfig: Setting CVar [[r.HairStrands.VelocityRasterizationScale:1]]
[2020.10.02-06.03.19:756][  0]LogInit: Selected Device Profile: [Windows]
[2020.10.02-06.03.19:756][  0]LogInit: Applying CVar settings loaded from the selected device profile: [Windows]
[2020.10.02-06.03.19:757][  0]LogHAL: Display: Platform has ~ 16 GB [17101418496 / 17179869184 / 16], which maps to Larger [LargestMinGB=32, LargerMinGB=12, DefaultMinGB=8, SmallerMinGB=6, SmallestMinGB=0)
[2020.10.02-06.03.19:757][  0]LogInit: Going up to parent DeviceProfile []
[2020.10.02-06.03.19:757][  0]LogConfig: Applying CVar settings from Section [ViewDistanceQuality@3] File [W:/Unreal/UnrealInk/Saved/Config/Windows/Scalability.ini]
[2020.10.02-06.03.19:757][  0]LogConfig: Setting CVar [[r.SkeletalMeshLODBias:0]]
[2020.10.02-06.03.19:757][  0]LogConfig: Setting CVar [[r.ViewDistanceScale:1.0]]
[2020.10.02-06.03.19:757][  0]LogConfig: Applying CVar settings from Section [AntiAliasingQuality@3] File [W:/Unreal/UnrealInk/Saved/Config/Windows/Scalability.ini]
[2020.10.02-06.03.19:757][  0]LogConfig: Setting CVar [[r.PostProcessAAQuality:4]]
[2020.10.02-06.03.19:757][  0]LogConfig: Applying CVar settings from Section [ShadowQuality@3] File [W:/Unreal/UnrealInk/Saved/Config/Windows/Scalability.ini]
[2020.10.02-06.03.19:757][  0]LogConfig: Setting CVar [[r.LightFunctionQuality:1]]
[2020.10.02-06.03.19:757][  0]LogConfig: Setting CVar [[r.ShadowQuality:5]]
[2020.10.02-06.03.19:757][  0]LogConfig: Setting CVar [[r.Shadow.CSM.MaxCascades:10]]
[2020.10.02-06.03.19:757][  0]LogConfig: Setting CVar [[r.Shadow.MaxResolution:2048]]
[2020.10.02-06.03.19:757][  0]LogConfig: Setting CVar [[r.Shadow.MaxCSMResolution:2048]]
[2020.10.02-06.03.19:757][  0]LogConfig: Setting CVar [[r.Shadow.RadiusThreshold:0.01]]
[2020.10.02-06.03.19:757][  0]LogConfig: Setting CVar [[r.Shadow.DistanceScale:1.0]]
[2020.10.02-06.03.19:757][  0]LogConfig: Setting CVar [[r.Shadow.CSM.TransitionScale:1.0]]
[2020.10.02-06.03.19:757][  0]LogConfig: Setting CVar [[r.Shadow.PreShadowResolutionFactor:1.0]]
[2020.10.02-06.03.19:757][  0]LogConfig: Setting CVar [[r.DistanceFieldShadowing:1]]
[2020.10.02-06.03.19:758][  0]LogConfig: Setting CVar [[r.DistanceFieldAO:1]]
[2020.10.02-06.03.19:758][  0]LogConfig: Setting CVar [[r.AOQuality:2]]
[2020.10.02-06.03.19:758][  0]LogConfig: Setting CVar [[r.VolumetricFog:1]]
[2020.10.02-06.03.19:758][  0]LogConfig: Setting CVar [[r.VolumetricFog.GridPixelSize:8]]
[2020.10.02-06.03.19:758][  0]LogConfig: Setting CVar [[r.VolumetricFog.GridSizeZ:128]]
[2020.10.02-06.03.19:758][  0]LogConfig: Setting CVar [[r.VolumetricFog.HistoryMissSupersampleCount:4]]
[2020.10.02-06.03.19:758][  0]LogConfig: Setting CVar [[r.LightMaxDrawDistanceScale:1]]
[2020.10.02-06.03.19:758][  0]LogConfig: Setting CVar [[r.CapsuleShadows:1]]
[2020.10.02-06.03.19:758][  0]LogConfig: Applying CVar settings from Section [PostProcessQuality@3] File [W:/Unreal/UnrealInk/Saved/Config/Windows/Scalability.ini]
[2020.10.02-06.03.19:758][  0]LogConfig: Setting CVar [[r.MotionBlurQuality:4]]
[2020.10.02-06.03.19:758][  0]LogConfig: Setting CVar [[r.AmbientOcclusionMipLevelFactor:0.4]]
[2020.10.02-06.03.19:758][  0]LogConfig: Setting CVar [[r.AmbientOcclusionMaxQuality:100]]
[2020.10.02-06.03.19:758][  0]LogConfig: Setting CVar [[r.AmbientOcclusionLevels:-1]]
[2020.10.02-06.03.19:758][  0]LogConfig: Setting CVar [[r.AmbientOcclusionRadiusScale:1.0]]
[2020.10.02-06.03.19:758][  0]LogConfig: Setting CVar [[r.DepthOfFieldQuality:2]]
[2020.10.02-06.03.19:758][  0]LogConfig: Setting CVar [[r.RenderTargetPoolMin:400]]
[2020.10.02-06.03.19:758][  0]LogConfig: Setting CVar [[r.LensFlareQuality:2]]
[2020.10.02-06.03.19:758][  0]LogConfig: Setting CVar [[r.SceneColorFringeQuality:1]]
[2020.10.02-06.03.19:758][  0]LogConfig: Setting CVar [[r.EyeAdaptationQuality:2]]
[2020.10.02-06.03.19:758][  0]LogConfig: Setting CVar [[r.BloomQuality:5]]
[2020.10.02-06.03.19:758][  0]LogConfig: Setting CVar [[r.FastBlurThreshold:100]]
[2020.10.02-06.03.19:758][  0]LogConfig: Setting CVar [[r.Upscale.Quality:3]]
[2020.10.02-06.03.19:758][  0]LogConfig: Setting CVar [[r.Tonemapper.GrainQuantization:1]]
[2020.10.02-06.03.19:758][  0]LogConfig: Setting CVar [[r.LightShaftQuality:1]]
[2020.10.02-06.03.19:759][  0]LogConfig: Setting CVar [[r.Filter.SizeScale:1]]
[2020.10.02-06.03.19:759][  0]LogConfig: Setting CVar [[r.Tonemapper.Quality:5]]
[2020.10.02-06.03.19:759][  0]LogConfig: Setting CVar [[r.DOF.Gather.AccumulatorQuality:1        ; higher gathering accumulator quality]]
[2020.10.02-06.03.19:759][  0]LogConfig: Setting CVar [[r.DOF.Gather.PostfilterMethod:1          ; Median3x3 postfilering method]]
[2020.10.02-06.03.19:759][  0]LogConfig: Setting CVar [[r.DOF.Gather.EnableBokehSettings:0       ; no bokeh simulation when gathering]]
[2020.10.02-06.03.19:759][  0]LogConfig: Setting CVar [[r.DOF.Gather.RingCount:4                 ; medium number of samples when gathering]]
[2020.10.02-06.03.19:759][  0]LogConfig: Setting CVar [[r.DOF.Scatter.ForegroundCompositing:1    ; additive foreground scattering]]
[2020.10.02-06.03.19:759][  0]LogConfig: Setting CVar [[r.DOF.Scatter.BackgroundCompositing:2    ; additive background scattering]]
[2020.10.02-06.03.19:759][  0]LogConfig: Setting CVar [[r.DOF.Scatter.EnableBokehSettings:1      ; bokeh simulation when scattering]]
[2020.10.02-06.03.19:759][  0]LogConfig: Setting CVar [[r.DOF.Scatter.MaxSpriteRatio:0.1         ; only a maximum of 10% of scattered bokeh]]
[2020.10.02-06.03.19:759][  0]LogConfig: Setting CVar [[r.DOF.Recombine.Quality:1                ; cheap slight out of focus]]
[2020.10.02-06.03.19:759][  0]LogConfig: Setting CVar [[r.DOF.Recombine.EnableBokehSettings:0    ; no bokeh simulation on slight out of focus]]
[2020.10.02-06.03.19:759][  0]LogConfig: Setting CVar [[r.DOF.TemporalAAQuality:1                ; more stable temporal accumulation]]
[2020.10.02-06.03.19:759][  0]LogConfig: Setting CVar [[r.DOF.Kernel.MaxForegroundRadius:0.025]]
[2020.10.02-06.03.19:759][  0]LogConfig: Setting CVar [[r.DOF.Kernel.MaxBackgroundRadius:0.025]]
[2020.10.02-06.03.19:759][  0]LogConfig: Applying CVar settings from Section [TextureQuality@3] File [W:/Unreal/UnrealInk/Saved/Config/Windows/Scalability.ini]
[2020.10.02-06.03.19:759][  0]LogConfig: Setting CVar [[r.Streaming.MipBias:0]]
[2020.10.02-06.03.19:759][  0]LogConfig: Setting CVar [[r.Streaming.AmortizeCPUToGPUCopy:0]]
[2020.10.02-06.03.19:759][  0]LogConfig: Setting CVar [[r.Streaming.MaxNumTexturesToStreamPerFrame:0]]
[2020.10.02-06.03.19:759][  0]LogConfig: Setting CVar [[r.Streaming.Boost:1]]
[2020.10.02-06.03.19:759][  0]LogConfig: Setting CVar [[r.MaxAnisotropy:8]]
[2020.10.02-06.03.19:759][  0]LogConfig: Setting CVar [[r.VT.MaxAnisotropy:8]]
[2020.10.02-06.03.19:760][  0]LogConfig: Setting CVar [[r.Streaming.LimitPoolSizeToVRAM:0]]
[2020.10.02-06.03.19:760][  0]LogConfig: Setting CVar [[r.Streaming.PoolSize:1000]]
[2020.10.02-06.03.19:760][  0]LogConfig: Setting CVar [[r.Streaming.MaxEffectiveScreenSize:0]]
[2020.10.02-06.03.19:760][  0]LogConfig: Applying CVar settings from Section [EffectsQuality@3] File [W:/Unreal/UnrealInk/Saved/Config/Windows/Scalability.ini]
[2020.10.02-06.03.19:760][  0]LogConfig: Setting CVar [[r.TranslucencyLightingVolumeDim:64]]
[2020.10.02-06.03.19:760][  0]LogConfig: Setting CVar [[r.RefractionQuality:2]]
[2020.10.02-06.03.19:760][  0]LogConfig: Setting CVar [[r.SSR.Quality:3]]
[2020.10.02-06.03.19:760][  0]LogConfig: Setting CVar [[r.SSR.HalfResSceneColor:0]]
[2020.10.02-06.03.19:760][  0]LogConfig: Setting CVar [[r.SceneColorFormat:4]]
[2020.10.02-06.03.19:760][  0]LogConfig: Setting CVar [[r.DetailMode:2]]
[2020.10.02-06.03.19:760][  0]LogConfig: Setting CVar [[r.TranslucencyVolumeBlur:1]]
[2020.10.02-06.03.19:760][  0]LogConfig: Setting CVar [[r.MaterialQualityLevel:1 ; High quality]]
[2020.10.02-06.03.19:760][  0]LogConfig: Setting CVar [[r.SSS.Scale:1]]
[2020.10.02-06.03.19:760][  0]LogConfig: Setting CVar [[r.SSS.SampleSet:2]]
[2020.10.02-06.03.19:760][  0]LogConfig: Setting CVar [[r.SSS.Quality:1]]
[2020.10.02-06.03.19:760][  0]LogConfig: Setting CVar [[r.SSS.HalfRes:0]]
[2020.10.02-06.03.19:760][  0]LogConfig: Setting CVar [[r.SSGI.Quality:3]]
[2020.10.02-06.03.19:760][  0]LogConfig: Setting CVar [[r.EmitterSpawnRateScale:1.0]]
[2020.10.02-06.03.19:760][  0]LogConfig: Setting CVar [[r.ParticleLightQuality:2]]
[2020.10.02-06.03.19:760][  0]LogConfig: Setting CVar [[r.SkyAtmosphere.AerialPerspectiveLUT.FastApplyOnOpaque:1 ; Always have FastSkyLUT 1 in this case to avoid wrong sky]]
[2020.10.02-06.03.19:760][  0]LogConfig: Setting CVar [[r.SkyAtmosphere.AerialPerspectiveLUT.SampleCountPerSlice:1]]
[2020.10.02-06.03.19:760][  0]LogConfig: Setting CVar [[r.SkyAtmosphere.AerialPerspectiveLUT.DepthResolution:16.0]]
[2020.10.02-06.03.19:761][  0]LogConfig: Setting CVar [[r.SkyAtmosphere.FastSkyLUT:1]]
[2020.10.02-06.03.19:761][  0]LogConfig: Setting CVar [[r.SkyAtmosphere.FastSkyLUT.SampleCountMin:4.0]]
[2020.10.02-06.03.19:761][  0]LogConfig: Setting CVar [[r.SkyAtmosphere.FastSkyLUT.SampleCountMax:32.0]]
[2020.10.02-06.03.19:761][  0]LogConfig: Setting CVar [[r.SkyAtmosphere.SampleCountMin:4.0]]
[2020.10.02-06.03.19:761][  0]LogConfig: Setting CVar [[r.SkyAtmosphere.SampleCountMax:32.0]]
[2020.10.02-06.03.19:761][  0]LogConfig: Setting CVar [[r.SkyAtmosphere.TransmittanceLUT.UseSmallFormat:0]]
[2020.10.02-06.03.19:761][  0]LogConfig: Setting CVar [[r.SkyAtmosphere.TransmittanceLUT.SampleCount:10.0]]
[2020.10.02-06.03.19:761][  0]LogConfig: Setting CVar [[r.SkyAtmosphere.MultiScatteringLUT.SampleCount:15.0]]
[2020.10.02-06.03.19:761][  0]LogConfig: Applying CVar settings from Section [FoliageQuality@3] File [W:/Unreal/UnrealInk/Saved/Config/Windows/Scalability.ini]
[2020.10.02-06.03.19:761][  0]LogConfig: Setting CVar [[foliage.DensityScale:1.0]]
[2020.10.02-06.03.19:761][  0]LogConfig: Setting CVar [[grass.DensityScale:1.0]]
[2020.10.02-06.03.19:761][  0]LogConfig: Applying CVar settings from Section [ShadingQuality@3] File [W:/Unreal/UnrealInk/Saved/Config/Windows/Scalability.ini]
[2020.10.02-06.03.19:761][  0]LogConfig: Setting CVar [[r.HairStrands.SkyLighting.SampleCount:16]]
[2020.10.02-06.03.19:761][  0]LogConfig: Setting CVar [[r.HairStrands.SkyLighting.JitterIntegration:0]]
[2020.10.02-06.03.19:761][  0]LogConfig: Setting CVar [[r.HairStrands.SkyAO.SampleCount:16]]
[2020.10.02-06.03.19:761][  0]LogConfig: Setting CVar [[r.HairStrands.DeepShadow.SuperSampling:0]]
[2020.10.02-06.03.19:761][  0]LogConfig: Setting CVar [[r.HairStrands.VisibilityPPLL:0]]
[2020.10.02-06.03.19:761][  0]LogConfig: Setting CVar [[r.HairStrands.RasterizationScale:0.5]]
[2020.10.02-06.03.19:761][  0]LogConfig: Setting CVar [[r.HairStrands.VelocityRasterizationScale:1]]
[2020.10.02-06.03.19:761][  0]LogConfig: Applying CVar settings from Section [Startup] File [../../../Engine/Config/ConsoleVariables.ini]
[2020.10.02-06.03.19:762][  0]LogConfig: Setting CVar [[net.UseAdaptiveNetUpdateFrequency:0]]
[2020.10.02-06.03.19:762][  0]LogConfig: Setting CVar [[p.chaos.AllowCreatePhysxBodies:1]]
[2020.10.02-06.03.19:762][  0]LogConfig: Setting CVar [[fx.SkipVectorVMBackendOptimizations:1]]
[2020.10.02-06.03.19:762][  0]LogConfig: Applying CVar settings from Section [ConsoleVariables] File [W:/Unreal/UnrealInk/Saved/Config/Windows/Engine.ini]
[2020.10.02-06.03.19:762][  0]LogInit: Computer: KHAZOV-DESKTOP
[2020.10.02-06.03.19:762][  0]LogInit: User: Alex
[2020.10.02-06.03.19:762][  0]LogInit: CPU Page size=4096, Cores=6
[2020.10.02-06.03.19:762][  0]LogInit: High frequency timer resolution =10.000000 MHz
[2020.10.02-06.03.19:762][  0]LogMemory: Memory total: Physical=15.9GB (16GB approx)
[2020.10.02-06.03.19:762][  0]LogMemory: Platform Memory Stats for Windows
[2020.10.02-06.03.19:762][  0]LogMemory: Process Physical Memory: 115.12 MB used, 115.13 MB peak
[2020.10.02-06.03.19:762][  0]LogMemory: Process Virtual Memory: 96.79 MB used, 96.79 MB peak
[2020.10.02-06.03.19:762][  0]LogMemory: Physical Memory: 10456.46 MB used,  5852.72 MB free, 16309.18 MB total
[2020.10.02-06.03.19:762][  0]LogMemory: Virtual Memory: 5163.57 MB used,  134212568.00 MB free, 134217728.00 MB total
[2020.10.02-06.03.19:782][  0]LogWindows: WindowsPlatformFeatures enabled
[2020.10.02-06.03.20:035][  0]LogInit: Physics initialised using underlying interface: PhysX
[2020.10.02-06.03.20:036][  0]LogInit: Using OS detected language (en-US).
[2020.10.02-06.03.20:036][  0]LogInit: Using OS detected locale (en-US).
[2020.10.02-06.03.20:038][  0]LogTextLocalizationManager: No specific localization for 'en-US' exists, so the 'en' localization will be used.
[2020.10.02-06.03.20:207][  0]LogInit: Setting process to per monitor DPI aware
[2020.10.02-06.03.20:258][  0]LogSlate: New Slate User Created.  User Index 0, Is Virtual User: 0
[2020.10.02-06.03.20:258][  0]LogSlate: Slate User Registered.  User Index 0, Is Virtual User: 0
[2020.10.02-06.03.20:382][  0]LogD3D11RHI: D3D11 min allowed feature level: 11_0
[2020.10.02-06.03.20:383][  0]LogD3D11RHI: D3D11 max allowed feature level: 11_0
[2020.10.02-06.03.20:383][  0]LogD3D11RHI: D3D11 adapters:
[2020.10.02-06.03.20:483][  0]LogD3D11RHI:    0. 'NVIDIA GeForce GTX 1080' (Feature Level 11_0)
[2020.10.02-06.03.20:483][  0]LogD3D11RHI:       8079/0/8154 MB DedicatedVideo/DedicatedSystem/SharedSystem, Outputs:2, VendorId:0x10de
[2020.10.02-06.03.20:487][  0]LogD3D11RHI:    1. 'Microsoft Basic Render Driver' (Feature Level 11_0)
[2020.10.02-06.03.20:487][  0]LogD3D11RHI:       0/0/8154 MB DedicatedVideo/DedicatedSystem/SharedSystem, Outputs:0, VendorId:0x1414
[2020.10.02-06.03.20:487][  0]LogD3D11RHI: Chosen D3D11 Adapter: 0
[2020.10.02-06.03.20:495][  0]LogD3D11RHI: Creating new Direct3DDevice
[2020.10.02-06.03.20:495][  0]LogD3D11RHI:     GPU DeviceId: 0x1b80 (for the marketing name, search the web for "GPU Device Id")
[2020.10.02-06.03.20:495][  0]LogWindows: EnumDisplayDevices:
[2020.10.02-06.03.20:496][  0]LogWindows:    0. 'NVIDIA GeForce GTX 1080' (P:1 D:1)
[2020.10.02-06.03.20:496][  0]LogWindows:    1. 'NVIDIA GeForce GTX 1080' (P:0 D:1)
[2020.10.02-06.03.20:497][  0]LogWindows:    2. 'NVIDIA GeForce GTX 1080' (P:0 D:0)
[2020.10.02-06.03.20:497][  0]LogWindows:    3. 'NVIDIA GeForce GTX 1080' (P:0 D:0)
[2020.10.02-06.03.20:498][  0]LogWindows: DebugString: FoundDriverCount:4 
[2020.10.02-06.03.20:498][  0]LogD3D11RHI:     Adapter Name: NVIDIA GeForce GTX 1080
[2020.10.02-06.03.20:498][  0]LogD3D11RHI:   Driver Version: 456.38 (internal:27.21.14.5638, unified:456.38)
[2020.10.02-06.03.20:498][  0]LogD3D11RHI:      Driver Date: 9-14-2020
[2020.10.02-06.03.20:498][  0]LogRHI: Texture pool is 5655 MB (70% of 8079 MB)
[2020.10.02-06.03.20:574][  0]LogD3D11RHI: RHI has support for 64 bit atomics
[2020.10.02-06.03.20:576][  0]LogD3D11RHI: [Aftermath] Enabled and primed
[2020.10.02-06.03.20:576][  0]LogD3D11RHI: Async texture creation enabled
[2020.10.02-06.03.20:576][  0]LogD3D11RHI: Array index from any shader is supported
[2020.10.02-06.03.20:595][  0]LogD3D11RHI: GPU Timing Frequency: 1000.000000 (Debug: 2 1)
[2020.10.02-06.03.20:912][  0]LogTargetPlatformManager: Display: Loaded TargetPlatform 'AllDesktop'
[2020.10.02-06.03.20:933][  0]LogTargetPlatformManager: Display: Loaded TargetPlatform 'Android'
[2020.10.02-06.03.20:933][  0]LogTargetPlatformManager: Display: Loaded TargetPlatform 'Android_ASTC'
[2020.10.02-06.03.20:933][  0]LogTargetPlatformManager: Display: Loaded TargetPlatform 'Android_DXT'
[2020.10.02-06.03.20:933][  0]LogTargetPlatformManager: Display: Loaded TargetPlatform 'Android_ETC2'
[2020.10.02-06.03.20:933][  0]LogTargetPlatformManager: Display: Loaded TargetPlatform 'AndroidClient'
[2020.10.02-06.03.20:933][  0]LogTargetPlatformManager: Display: Loaded TargetPlatform 'Android_ASTCClient'
[2020.10.02-06.03.20:933][  0]LogTargetPlatformManager: Display: Loaded TargetPlatform 'Android_DXTClient'
[2020.10.02-06.03.20:933][  0]LogTargetPlatformManager: Display: Loaded TargetPlatform 'Android_ETC2Client'
[2020.10.02-06.03.20:933][  0]LogTargetPlatformManager: Display: Loaded TargetPlatform 'Android_Multi'
[2020.10.02-06.03.20:933][  0]LogTargetPlatformManager: Display: Loaded TargetPlatform 'Android_MultiClient'
[2020.10.02-06.03.20:960][  0]LogTargetPlatformManager: Display: Loaded TargetPlatform 'IOSClient'
[2020.10.02-06.03.20:960][  0]LogTargetPlatformManager: Display: Loaded TargetPlatform 'IOS'
[2020.10.02-06.03.20:976][  0]LogTargetPlatformManager: Display: Loaded TargetPlatform 'Linux'
[2020.10.02-06.03.20:985][  0]LogTargetPlatformManager: Display: Loaded TargetPlatform 'LinuxNoEditor'
[2020.10.02-06.03.20:994][  0]LogTargetPlatformManager: Display: Loaded TargetPlatform 'LinuxClient'
[2020.10.02-06.03.21:004][  0]LogTargetPlatformManager: Display: Loaded TargetPlatform 'LinuxServer'
[2020.10.02-06.03.21:013][  0]LogTargetPlatformManager: Display: Loaded TargetPlatform 'LinuxAArch64NoEditor'
[2020.10.02-06.03.21:024][  0]LogTargetPlatformManager: Display: Loaded TargetPlatform 'LinuxAArch64Client'
[2020.10.02-06.03.21:032][  0]LogTargetPlatformManager: Display: Loaded TargetPlatform 'LinuxAArch64Server'
[2020.10.02-06.03.21:055][  0]LogTargetPlatformManager: Display: Loaded TargetPlatform 'Lumin'
[2020.10.02-06.03.21:055][  0]LogTargetPlatformManager: Display: Loaded TargetPlatform 'LuminClient'
[2020.10.02-06.03.21:070][  0]LogTargetPlatformManager: Display: Loaded TargetPlatform 'TVOSClient'
[2020.10.02-06.03.21:070][  0]LogTargetPlatformManager: Display: Loaded TargetPlatform 'TVOS'
[2020.10.02-06.03.21:080][  0]LogTargetPlatformManager: Display: Loaded TargetPlatform 'WindowsNoEditor'
[2020.10.02-06.03.21:089][  0]LogTargetPlatformManager: Display: Loaded TargetPlatform 'Windows'
[2020.10.02-06.03.21:099][  0]LogTargetPlatformManager: Display: Loaded TargetPlatform 'WindowsClient'
[2020.10.02-06.03.21:108][  0]LogTargetPlatformManager: Display: Loaded TargetPlatform 'WindowsServer'
[2020.10.02-06.03.21:108][  0]LogTargetPlatformManager: Display: Building Assets For Windows
[2020.10.02-06.03.21:121][  0]LogAudioDebug: Display: Lib vorbis DLL was dynamically loaded.
[2020.10.02-06.03.21:212][  0]LogShaderCompilers: Guid format shader working directory is 25 characters bigger than the processId version (W:/Unreal/UnrealInk/Intermediate/Shaders/WorkingDirectory/12428/).
[2020.10.02-06.03.21:212][  0]LogShaderCompilers: Cleaned the shader compiler working directory 'C:/Users/Alex/AppData/Local/Temp/UnrealShaderWorkingDir/5CF99D1740C48DF8DEA44EA982DDD8D4/'.
[2020.10.02-06.03.21:212][  0]LogXGEController: Cleaning working directory: C:/Users/Alex/AppData/Local/Temp/UnrealXGEWorkingDir/
[2020.10.02-06.03.21:213][  0]LogXGEController: Cannot use XGE Controller as Incredibuild is not installed on this machine.
[2020.10.02-06.03.21:213][  0]LogShaderCompilers: Cannot use XGE Shader Compiler as Incredibuild is not installed on this machine.
[2020.10.02-06.03.21:213][  0]LogShaderCompilers: Display: Using Local Shader Compiler.
[2020.10.02-06.03.21:822][  0]LogDerivedDataCache: Display: Max Cache Size: 512 MB
[2020.10.02-06.03.21:863][  0]LogDerivedDataCache: Loaded boot cache 0.04s 76MB C:/Users/Alex/AppData/Local/UnrealEngine/4.25/DerivedDataCache/Boot.ddc.
[2020.10.02-06.03.21:863][  0]LogDerivedDataCache: Display: Loaded Boot cache: C:/Users/Alex/AppData/Local/UnrealEngine/4.25/DerivedDataCache/Boot.ddc
[2020.10.02-06.03.21:863][  0]LogDerivedDataCache: FDerivedDataBackendGraph:  Pak pak cache file W:/Unreal/UnrealInk/DerivedDataCache/DDC.ddp not found, will not use a pak cache.
[2020.10.02-06.03.21:863][  0]LogDerivedDataCache: Unable to find inner node Pak for hierarchical cache Hierarchy.
[2020.10.02-06.03.21:863][  0]LogDerivedDataCache: FDerivedDataBackendGraph:  CompressedPak pak cache file W:/Unreal/UnrealInk/DerivedDataCache/Compressed.ddp not found, will not use a pak cache.
[2020.10.02-06.03.21:863][  0]LogDerivedDataCache: Unable to find inner node CompressedPak for hierarchical cache Hierarchy.
[2020.10.02-06.03.21:873][  0]LogDerivedDataCache: Display: Pak cache opened for reading ../../../Engine/DerivedDataCache/Compressed.ddp.
[2020.10.02-06.03.21:873][  0]LogDerivedDataCache: FDerivedDataBackendGraph:  EnterprisePak pak cache file ../../../Enterprise/DerivedDataCache/Compressed.ddp not found, will not use a pak cache.
[2020.10.02-06.03.21:873][  0]LogDerivedDataCache: Unable to find inner node EnterprisePak for hierarchical cache Hierarchy.
[2020.10.02-06.03.21:875][  0]LogDerivedDataCache: Using Local data cache path W:/Unreal/Cache: Writable
[2020.10.02-06.03.21:876][  0]LogDerivedDataCache: Using Shared data cache path W:/Unreal/Cache: Writable
[2020.10.02-06.03.21:915][  0]LogSlate: Using FreeType 2.10.0
[2020.10.02-06.03.21:915][  0]LogSlate: SlateFontServices - WITH_FREETYPE: 1, WITH_HARFBUZZ: 1
[2020.10.02-06.03.21:939][  0]LogAssetRegistry: FAssetRegistry took 0.0054 seconds to start up
[2020.10.02-06.03.22:133][  0]LogInit: Selected Device Profile: [Windows]
[2020.10.02-06.03.22:249][  0]LogMeshReduction: Using QuadricMeshReduction for automatic static mesh reduction
[2020.10.02-06.03.22:249][  0]LogMeshReduction: Using SimplygonMeshReduction for automatic skeletal mesh reduction
[2020.10.02-06.03.22:249][  0]LogMeshReduction: Using ProxyLODMeshReduction for automatic mesh merging
[2020.10.02-06.03.22:249][  0]LogMeshReduction: No distributed automatic mesh merging module available
[2020.10.02-06.03.22:249][  0]LogMeshMerging: No distributed automatic mesh merging module available
[2020.10.02-06.03.22:266][  0]LogNetVersion: Plugin 1.0.0, NetCL: 13144385, EngineNetVer: 14, GameNetVer: 0 (Checksum: 3157640519)
[2020.10.02-06.03.22:576][  0]LogAISub: UAISubsystem::UAISubsystem AISubsystem (0000020A9EDBF780), frame # 0
[2020.10.02-06.03.22:576][  0]LogAISub: UAISubsystem::UAISubsystem AIPerceptionSystem (0000020A9DDFC400), frame # 0
[2020.10.02-06.03.22:578][  0]LogAISub: UAISubsystem::UAISubsystem EnvQueryManager (0000020A9DE1A600), frame # 0
[2020.10.02-06.03.22:613][  0]LogPackageLocalizationCache: Processed 18 localized package path(s) for 1 prioritized culture(s) in 0.030349 seconds
[2020.10.02-06.03.22:617][  0]LogUObjectArray: 15756 objects as part of root set at end of initial load.
[2020.10.02-06.03.22:618][  0]LogUObjectAllocator: 3925280 out of 0 bytes used by permanent object pool.
[2020.10.02-06.03.22:618][  0]LogUObjectArray: CloseDisregardForGC: 0/0 objects in disregard for GC pool
[2020.10.02-06.03.23:022][  0]LogTcpMessaging: Initializing TcpMessaging bridge
[2020.10.02-06.03.23:028][  0]LogUdpMessaging: Initializing bridge on interface 0.0.0.0:0 to multicast group 230.0.0.1:6666.
[2020.10.02-06.03.23:095][  0]LogLinker: Warning: Failed to load '/Game/TopDownBP/TopDownOverview': Can't find file.
[2020.10.02-06.03.23:095][  0]LogLinker: Warning: Failed to load '/Game/TopDownBP/TopDownOverview': Can't find file.
[2020.10.02-06.03.23:095][  0]LogUObjectGlobals: Warning: Failed to find object 'Class /Game/TopDownBP/TopDownOverview.TopDownOverview_C'
[2020.10.02-06.03.23:214][  0]SourceControl: Source control is disabled
[2020.10.02-06.03.23:214][  0]SourceControl: Source control is disabled
[2020.10.02-06.03.23:218][  0]SourceControl: Source control is disabled
[2020.10.02-06.03.23:223][  0]SourceControl: Source control is disabled
[2020.10.02-06.03.23:487][  0]SourceControl: Source control is disabled
[2020.10.02-06.03.23:806][  0]LogAndroidPermission: UAndroidPermissionCallbackProxy::GetInstance
[2020.10.02-06.03.23:833][  0]LogAudioCaptureCore: Display: No Audio Capture implementations found. Audio input will be silent.
[2020.10.02-06.03.23:833][  0]LogAudioCaptureCore: Display: No Audio Capture implementations found. Audio input will be silent.
[2020.10.02-06.03.23:916][  0]LogInk: Failed to find assembly mscorlib.dll in path P:/UE_4.25/Engine/Plugins/UnrealInk/ThirdParty/Mono/Assemblies/mscorlib.dll
[2020.10.02-06.03.23:917][  0]LogInk: Loaded assembly from path 'W:/Unreal/UnrealInk/Plugins/UnrealInk/ThirdParty/Mono/Assemblies/mscorlib.dll'.
[2020.10.02-06.03.23:964][  0]LogInkEditor: Ink Editor Code Loaded
[2020.10.02-06.03.24:008][  0]LogClass: Warning: FInkVar::floatVar is not initialized properly
[2020.10.02-06.03.24:008][  0]LogClass: Warning: FInkVar::intVar is not initialized properly
[2020.10.02-06.03.24:008][  0]LogClass: Display: 2 Uninitialized script stuct members found
[2020.10.02-06.03.24:008][  0]LogAutomationTest: Warning: FInkVar::floatVar is not initialized properly
[2020.10.02-06.03.24:008][  0]LogAutomationTest: Warning: FInkVar::intVar is not initialized properly
[2020.10.02-06.03.24:009][  0]LogEngine: Initializing Engine...
[2020.10.02-06.03.24:009][  0]LogMagicLeap: Warning: VR disabled because ZI is not enabled.  To enable, in the editor, Edit -> Project Settings -> Plugins -> Magic Leap Plugin -> Enable Zero Iteration
[2020.10.02-06.03.24:010][  0]LogStats: UGameplayTagsManager::InitializeManager -  0.000 s
[2020.10.02-06.03.24:097][  0]LogInit: Initializing FReadOnlyCVARCache
[2020.10.02-06.03.24:104][  0]LogAIModule: Creating AISystem for world Untitled
[2020.10.02-06.03.24:104][  0]LogAISub: UAISubsystem::UAISubsystem EnvQueryManager (0000020AA168FC00), frame # 0
[2020.10.02-06.03.24:104][  0]LogAISub: UAISubsystem::UAISubsystem AIPerceptionSystem (0000020AA16DDBC0), frame # 0
[2020.10.02-06.03.24:119][  0]LogAudioMixer: Display: Audio Mixer Platform Settings:
[2020.10.02-06.03.24:119][  0]LogAudioMixer: Display: 	Sample Rate:						  48000
[2020.10.02-06.03.24:119][  0]LogAudioMixer: Display: 	Callback Buffer Frame Size Requested: 1024
[2020.10.02-06.03.24:119][  0]LogAudioMixer: Display: 	Callback Buffer Frame Size To Use:	  1024
[2020.10.02-06.03.24:119][  0]LogAudioMixer: Display: 	Number of buffers to queue:			  2
[2020.10.02-06.03.24:119][  0]LogAudioMixer: Display: 	Max Channels (voices):				  32
[2020.10.02-06.03.24:119][  0]LogAudioMixer: Display: 	Number of Async Source Workers:		  0
[2020.10.02-06.03.24:120][  0]LogAudio: Display: AudioDevice MaxSources: 32
[2020.10.02-06.03.24:120][  0]LogAudio: Display: Using built-in audio occlusion.
[2020.10.02-06.03.24:120][  0]LogAudioMixer: Display: Initializing audio mixer.
[2020.10.02-06.03.24:145][  0]LogAudioMixer: Display: 0: FrontLeft
[2020.10.02-06.03.24:145][  0]LogAudioMixer: Display: 1: FrontRight
[2020.10.02-06.03.24:207][  0]LogAudioMixer: Display: Using Audio Device Speakers (Echo-JHM Stereo)
[2020.10.02-06.03.24:212][  0]LogAudioMixer: Display: Initializing Sound Submixes...
[2020.10.02-06.03.24:215][  0]LogAudioMixer: Display: Creating Master Submix 'MasterSubmixDefault'
[2020.10.02-06.03.24:215][  0]LogAudioMixer: Display: Creating Master Submix 'MasterReverbSubmixDefault'
[2020.10.02-06.03.24:216][  0]LogAudioMixer: Display: Creating Master Submix 'MasterEQSubmixDefault'
[2020.10.02-06.03.24:218][  0]LogInit: FAudioDevice initialized.
[2020.10.02-06.03.24:218][  0]LogNetVersion: Set ProjectVersion to 1.0.0.0. Version Checksum will be recalculated on next use.
[2020.10.02-06.03.24:265][  0]LogDerivedDataCache: Saved boot cache 0.05s 76MB C:/Users/Alex/AppData/Local/UnrealEngine/4.25/DerivedDataCache/Boot.ddc.
[2020.10.02-06.03.24:268][  0]LogInit: Texture streaming: Enabled
[2020.10.02-06.03.24:289][  0]LogEngineSessionManager: EngineSessionManager initialized
[2020.10.02-06.03.24:289][  0]LogEditorSessionSummary: Verbose: Initializing EditorSessionSummaryWriter for editor session tracking
[2020.10.02-06.03.24:292][  0]LogEditorSessionSummary: EditorSessionSummaryWriter initialized
[2020.10.02-06.03.24:330][  0]LogInit: Transaction tracking system initialized
[2020.10.02-06.03.24:357][  0]BlueprintLog: New page: Editor Load
[2020.10.02-06.03.24:440][  0]LocalizationService: Localization service is disabled
[2020.10.02-06.03.24:594][  0]LogCook: Display: Max memory allowance for cook 16384mb min free memory 0mb
[2020.10.02-06.03.24:594][  0]LogCook: Display: Mobile HDR setting 1
[2020.10.02-06.03.24:755][  0]LogFileCache: Scanning file cache for directory 'W:/Unreal/UnrealInk/Content/' took 0.00s
[2020.10.02-06.03.24:766][  0]SourceControl: Source control is disabled
[2020.10.02-06.03.24:766][  0]LogUnrealEdMisc: Loading editor; pre map load, took 6.276
[2020.10.02-06.03.24:767][  0]Cmd: MAP LOAD FILE="../../../Engine/Content/Maps/Templates/Template_Default.umap" TEMPLATE=1 SHOWPROGRESS=1 FEATURELEVEL=3
[2020.10.02-06.03.24:767][  0]LightingResults: New page: Lighting Build
[2020.10.02-06.03.24:767][  0]LogWorld: UWorld::CleanupWorld for Untitled, bSessionEnded=true, bCleanupResources=true
[2020.10.02-06.03.24:767][  0]LogSlate: InvalidateAllWidgets triggered.  All widgets were invalidated
[2020.10.02-06.03.24:768][  0]MapCheck: New page: Map Check
[2020.10.02-06.03.24:768][  0]LightingResults: New page: Lighting Build
[2020.10.02-06.03.24:777][  0]LogAISub: UAISubsystem::~UAISubsystem EnvQueryManager (0000020AA168FC00), frame # 0
[2020.10.02-06.03.24:777][  0]LogAISub: UAISubsystem::~UAISubsystem AIPerceptionSystem (0000020AA16DDBC0), frame # 0
[2020.10.02-06.03.24:778][  0]LogUObjectHash: Compacting FUObjectHashTables data took   0.61ms
[2020.10.02-06.03.24:822][  0]LogAIModule: Creating AISystem for world Untitled_1
[2020.10.02-06.03.24:822][  0]LogAISub: UAISubsystem::UAISubsystem EnvQueryManager (0000020A90743E00), frame # 0
[2020.10.02-06.03.24:822][  0]LogAISub: UAISubsystem::UAISubsystem AIPerceptionSystem (0000020A9AF91F80), frame # 0
[2020.10.02-06.03.24:824][  0]LogEditorServer: Finished looking for orphan Actors (0.000 secs)
[2020.10.02-06.03.24:839][  0]LogUObjectHash: Compacting FUObjectHashTables data took   0.64ms
[2020.10.02-06.03.24:839][  0]Cmd: MAP CHECKDEP NOCLEARLOG
[2020.10.02-06.03.24:839][  0]MapCheck: Map check complete: 0 Error(s), 0 Warning(s), took 0.115ms to complete.
[2020.10.02-06.03.24:839][  0]LogFileHelpers: Loading map 'Template_Default' took 0.073
[2020.10.02-06.03.24:841][  0]LogUnrealEdMisc: Total Editor Startup Time, took 6.350
[2020.10.02-06.03.24:950][  0]LogSlate: Updating window title bar state: overlay mode, drag disabled, window buttons hidden, title bar hidden
[2020.10.02-06.03.24:955][  0]LogSlate: Updating window title bar state: overlay mode, drag disabled, window buttons hidden, title bar hidden
[2020.10.02-06.03.24:960][  0]LogSlate: Updating window title bar state: overlay mode, drag disabled, window buttons hidden, title bar hidden
[2020.10.02-06.03.24:965][  0]LogSlate: Updating window title bar state: overlay mode, drag disabled, window buttons hidden, title bar hidden
[2020.10.02-06.03.24:972][  0]LogCollectionManager: Loaded 0 collections in 0.000570 seconds
[2020.10.02-06.03.24:988][  0]LogFileCache: Scanning file cache for directory 'W:/Unreal/UnrealInk/Saved/Collections/' took 0.00s
[2020.10.02-06.03.24:988][  0]LogFileCache: Scanning file cache for directory 'W:/Unreal/UnrealInk/Content/Developers/Alex/Collections/' took 0.00s
[2020.10.02-06.03.24:988][  0]LogFileCache: Scanning file cache for directory 'W:/Unreal/UnrealInk/Content/Collections/' took 0.00s
[2020.10.02-06.03.24:989][  0]LogContentBrowser: Native class hierarchy populated in 0.0085 seconds. Added 3415 classes and 813 folders.
[2020.10.02-06.03.24:991][  0]LogContentBrowser: Native class hierarchy updated for 'WidgetCarousel' in 0.0003 seconds. Added 0 classes and 0 folders.
[2020.10.02-06.03.25:023][  0]LogContentBrowser: Native class hierarchy updated for 'AddContentDialog' in 0.0003 seconds. Added 0 classes and 0 folders.
[2020.10.02-06.03.25:026][  0]LogContentBrowser: Native class hierarchy updated for 'SceneOutliner' in 0.0002 seconds. Added 2 classes and 0 folders.
[2020.10.02-06.03.25:048][  0]LogSlate: Took 0.000149 seconds to synchronously load lazily loaded font '../../../Engine/Content/Slate/Fonts/Roboto-Regular.ttf' (155K)
[2020.10.02-06.03.25:050][  0]LogSlate: Took 0.000129 seconds to synchronously load lazily loaded font '../../../Engine/Content/Slate/Fonts/Roboto-Bold.ttf' (160K)
[2020.10.02-06.03.25:053][  0]LogSlate: Took 0.000114 seconds to synchronously load lazily loaded font '../../../Engine/Content/Editor/Slate/Fonts/FontAwesome.ttf' (139K)
[2020.10.02-06.03.25:055][  0]LogSlate: Took 0.000081 seconds to synchronously load lazily loaded font '../../../Engine/Content/Slate/Fonts/DroidSansMono.ttf' (77K)
[2020.10.02-06.03.25:145][  0]LogRenderer: Reallocating scene render targets to support 1648x888 Format 10 NumSamples 1 (Frame:1).
[2020.10.02-06.03.25:226][  0]LogContentBrowser: Native class hierarchy updated for 'HierarchicalLODOutliner' in 0.0003 seconds. Added 0 classes and 0 folders.
[2020.10.02-06.03.25:226][  0]LogLoad: (Engine Initialization) Total time: 6.74 seconds
[2020.10.02-06.03.25:226][  0]LogLoad: (Engine Initialization) Total Blueprint compile time: 0.00 seconds
[2020.10.02-06.03.25:258][  0]LogAssetRegistry: Asset discovery search completed in 3.3231 seconds
[2020.10.02-06.03.25:261][  0]LogCollectionManager: Fixed up redirectors for 0 collections in 0.000002 seconds (updated 0 objects)
[2020.10.02-06.03.25:262][  0]LogContentStreaming: Texture pool size now 1000 MB
[2020.10.02-06.03.40:176][764]UATHelper: Package Plugin Task (Windows): Running AutomationTool...
[2020.10.02-06.03.40:257][774]UATHelper: Package Plugin Task (Windows): Parsing command line: BuildPlugin -Plugin=W:/Unreal/UnrealInk/Plugins/UnrealInk/UnrealInk.uplugin -Package=W:/Unreal/UnrealInk/Builds/UnrealInk -CreateSubFolder
[2020.10.02-06.03.40:709][828]UATHelper: Package Plugin Task (Windows): Copying 275 file(s) using max 64 thread(s)
[2020.10.02-06.03.41:160][881]UATHelper: Package Plugin Task (Windows): Reading plugin from W:\Unreal\UnrealInk\Builds\UnrealInk\HostProject\Plugins\UnrealInk\UnrealInk.uplugin...
[2020.10.02-06.03.41:185][884]UATHelper: Package Plugin Task (Windows): Building plugin for host platforms: Win64
[2020.10.02-06.03.41:193][885]UATHelper: Package Plugin Task (Windows): Running: P:\UE_4.25\Engine\Binaries\DotNET\UnrealBuildTool.exe UE4Editor Win64 Development -Project=W:\Unreal\UnrealInk\Builds\UnrealInk\HostProject\HostProject.uproject -plugin=W:\Unreal\UnrealInk\Builds\UnrealInk\HostProject\Plugins\UnrealInk\UnrealInk.uplugin -iwyu -noubtmakefiles -manifest=W:\Unreal\UnrealInk\Builds\UnrealInk\HostProject\Saved\Manifest-UE4Editor-Win64-Development.xml -nohotreload -log="C:\Users\Alex\AppData\Roaming\Unreal Engine\AutomationTool\Logs\P+UE_4.25\UBT-UE4Editor-Win64-Development.txt"
[2020.10.02-06.03.43:912][191]UATHelper: Package Plugin Task (Windows):   Parsing headers for UE4Editor
[2020.10.02-06.03.43:939][194]UATHelper: Package Plugin Task (Windows):     Running UnrealHeaderTool "W:\Unreal\UnrealInk\Builds\UnrealInk\HostProject\HostProject.uproject" "W:\Unreal\UnrealInk\Builds\UnrealInk\HostProject\Intermediate\Build\Win64\UE4Editor\Development\UE4Editor.uhtmanifest" -LogCmds="loginit warning, logexit warning, logdatabase error" -Unattended -WarningsAsErrors -abslog="C:\Users\Alex\AppData\Roaming\Unreal Engine\AutomationTool\Logs\P+UE_4.25\UHT-UE4Editor-Win64-Development.txt" -installed
[2020.10.02-06.03.50:459][975]UATHelper: Package Plugin Task (Windows):   Reflection code generated for UE4Editor in 6.5156714 seconds
[2020.10.02-06.03.50:859][ 23]UATHelper: Package Plugin Task (Windows):   Writing manifest to W:\Unreal\UnrealInk\Builds\UnrealInk\HostProject\Saved\Manifest-UE4Editor-Win64-Development.xml
[2020.10.02-06.03.50:934][ 32]UATHelper: Package Plugin Task (Windows):   Building UE4Editor...
[2020.10.02-06.03.50:934][ 32]UATHelper: Package Plugin Task (Windows):   Using Visual Studio 2019 14.27.29112 toolchain (P:\Visual Studio\2019\Community\VC\Tools\MSVC\14.27.29110) and Windows 10.0.18362.0 SDK (P:\Windows Kits\10).
[2020.10.02-06.03.50:942][ 33]UATHelper: Package Plugin Task (Windows):   Building 13 actions with 12 processes...
[2020.10.02-06.03.51:043][ 45]UATHelper: Package Plugin Task (Windows):     [1/13] Default.rc2
[2020.10.02-06.03.51:043][ 45]UATHelper: Package Plugin Task (Windows):     [2/13] Default.rc2
[2020.10.02-06.04.16:105][ 52]UATHelper: Package Plugin Task (Windows):     [3/13] SharedPCH.UnrealEd.NonOptimized.ShadowErrors.cpp
[2020.10.02-06.04.17:220][186]UATHelper: Package Plugin Task (Windows):     [4/13] Module.InkEditor.gen.cpp
[2020.10.02-06.04.21:162][659]UATHelper: Package Plugin Task (Windows):     [5/13] Module.InkEditor.cpp
[2020.10.02-06.04.23:164][899]UATHelper: Package Plugin Task (Windows):     [6/13] UE4Editor-InkEditor.lib
[2020.10.02-06.04.23:164][899]UATHelper: Package Plugin Task (Windows):        Creating library W:\Unreal\UnrealInk\Builds\UnrealInk\HostProject\Plugins\UnrealInk\Intermediate\Build\Win64\UE4Editor\Development\InkEditor\UE4Editor-InkEditor.lib and object W:\Unreal\UnrealInk\Builds\UnrealInk\HostProject\Plugins\UnrealInk\Intermediate\Build\Win64\UE4Editor\Development\InkEditor\UE4Editor-InkEditor.exp
[2020.10.02-06.04.26:121][254]UATHelper: Package Plugin Task (Windows):     [7/13] SharedPCH.Engine.NonOptimized.ShadowErrors.cpp
[2020.10.02-06.04.27:005][360]UATHelper: Package Plugin Task (Windows):     [8/13] Module.Ink.gen.cpp
[2020.10.02-06.04.27:506][420]UATHelper: Package Plugin Task (Windows):     [9/13] Module.Ink.cpp
[2020.10.02-06.04.27:591][430]UATHelper: Package Plugin Task (Windows):     [10/13] UE4Editor-Ink.lib
[2020.10.02-06.04.27:591][430]UATHelper: Package Plugin Task (Windows):        Creating library W:\Unreal\UnrealInk\Builds\UnrealInk\HostProject\Plugins\UnrealInk\Intermediate\Build\Win64\UE4Editor\Development\Ink\UE4Editor-Ink.lib and object W:\Unreal\UnrealInk\Builds\UnrealInk\HostProject\Plugins\UnrealInk\Intermediate\Build\Win64\UE4Editor\Development\Ink\UE4Editor-Ink.exp
[2020.10.02-06.04.28:539][544]UATHelper: Package Plugin Task (Windows):     [11/13] UE4Editor-Ink.dll
[2020.10.02-06.04.28:539][544]UATHelper: Package Plugin Task (Windows):        Creating library W:\Unreal\UnrealInk\Builds\UnrealInk\HostProject\Plugins\UnrealInk\Intermediate\Build\Win64\UE4Editor\Development\Ink\UE4Editor-Ink.suppressed.lib and object W:\Unreal\UnrealInk\Builds\UnrealInk\HostProject\Plugins\UnrealInk\Intermediate\Build\Win64\UE4Editor\Development\Ink\UE4Editor-Ink.suppressed.exp
[2020.10.02-06.04.28:540][544]UATHelper: Package Plugin Task (Windows):     [12/13] UE4Editor-InkEditor.dll
[2020.10.02-06.04.28:540][544]UATHelper: Package Plugin Task (Windows):        Creating library W:\Unreal\UnrealInk\Builds\UnrealInk\HostProject\Plugins\UnrealInk\Intermediate\Build\Win64\UE4Editor\Development\InkEditor\UE4Editor-InkEditor.suppressed.lib and object W:\Unreal\UnrealInk\Builds\UnrealInk\HostProject\Plugins\UnrealInk\Intermediate\Build\Win64\UE4Editor\Development\InkEditor\UE4Editor-InkEditor.suppressed.exp
[2020.10.02-06.04.28:773][572]UATHelper: Package Plugin Task (Windows):     [13/13] UE4Editor.target
[2020.10.02-06.04.28:773][572]UATHelper: Package Plugin Task (Windows):   Total time in Parallel executor: 37.83 seconds
[2020.10.02-06.04.28:804][576]UATHelper: Package Plugin Task (Windows):   Total execution time: 47.55 seconds
[2020.10.02-06.04.28:864][583]UATHelper: Package Plugin Task (Windows): Took 47.6729683s to run UnrealBuildTool.exe, ExitCode=0
[2020.10.02-06.04.28:864][583]UATHelper: Package Plugin Task (Windows): Building plugin for target platforms: Android, IOS, Linux, LinuxAArch64, Win64, Win32
[2020.10.02-06.04.28:864][583]UATHelper: Package Plugin Task (Windows): Running: P:\UE_4.25\Engine\Binaries\DotNET\UnrealBuildTool.exe UE4Game Win64 Development -Project=W:\Unreal\UnrealInk\Builds\UnrealInk\HostProject\HostProject.uproject -plugin=W:\Unreal\UnrealInk\Builds\UnrealInk\HostProject\Plugins\UnrealInk\UnrealInk.uplugin -iwyu -noubtmakefiles -manifest=W:\Unreal\UnrealInk\Builds\UnrealInk\HostProject\Saved\Manifest-UE4Game-Win64-Development.xml -nohotreload -2017 -log="C:\Users\Alex\AppData\Roaming\Unreal Engine\AutomationTool\Logs\P+UE_4.25\UBT-UE4Game-Win64-Development.txt"
[2020.10.02-06.04.31:752][924]UATHelper: Package Plugin Task (Windows):   Parsing headers for UE4Game
[2020.10.02-06.04.31:779][927]UATHelper: Package Plugin Task (Windows):     Running UnrealHeaderTool "W:\Unreal\UnrealInk\Builds\UnrealInk\HostProject\HostProject.uproject" "W:\Unreal\UnrealInk\Builds\UnrealInk\HostProject\Intermediate\Build\Win64\UE4Game\Development\UE4Game.uhtmanifest" -LogCmds="loginit warning, logexit warning, logdatabase error" -Unattended -WarningsAsErrors -abslog="C:\Users\Alex\AppData\Roaming\Unreal Engine\AutomationTool\Logs\P+UE_4.25\UHT-UE4Game-Win64-Development.txt" -installed
[2020.10.02-06.04.35:747][403]UATHelper: Package Plugin Task (Windows):   Reflection code generated for UE4Game in 3.9706574 seconds
[2020.10.02-06.04.36:596][505]UATHelper: Package Plugin Task (Windows):   Writing manifest to W:\Unreal\UnrealInk\Builds\UnrealInk\HostProject\Saved\Manifest-UE4Game-Win64-Development.xml
[2020.10.02-06.04.36:647][511]UATHelper: Package Plugin Task (Windows):   Building UE4Game...
[2020.10.02-06.04.36:647][511]UATHelper: Package Plugin Task (Windows):   Using Visual Studio 2017 14.16.27043 toolchain (P:\Microsoft Visual Studio\2017\Community\VC\Tools\MSVC\14.16.27023) and Windows 10.0.18362.0 SDK (P:\Windows Kits\10).
[2020.10.02-06.04.36:662][513]UATHelper: Package Plugin Task (Windows):   Building 2 actions with 12 processes...
[2020.10.02-06.04.40:006][914]UATHelper: Package Plugin Task (Windows):     [1/2] Module.Ink.gen.cpp
[2020.10.02-06.04.40:048][919]UATHelper: Package Plugin Task (Windows):     [2/2] Module.Ink.cpp
[2020.10.02-06.04.40:048][919]UATHelper: Package Plugin Task (Windows):   Total time in Parallel executor: 3.40 seconds
[2020.10.02-06.04.40:081][923]UATHelper: Package Plugin Task (Windows):   Total execution time: 11.18 seconds
[2020.10.02-06.04.40:115][927]UATHelper: Package Plugin Task (Windows): Took 11.246509s to run UnrealBuildTool.exe, ExitCode=0
[2020.10.02-06.04.40:115][927]UATHelper: Package Plugin Task (Windows): Running: P:\UE_4.25\Engine\Binaries\DotNET\UnrealBuildTool.exe UE4Game Win64 Shipping -Project=W:\Unreal\UnrealInk\Builds\UnrealInk\HostProject\HostProject.uproject -plugin=W:\Unreal\UnrealInk\Builds\UnrealInk\HostProject\Plugins\UnrealInk\UnrealInk.uplugin -iwyu -noubtmakefiles -manifest=W:\Unreal\UnrealInk\Builds\UnrealInk\HostProject\Saved\Manifest-UE4Game-Win64-Shipping.xml -nohotreload -2017 -log="C:\Users\Alex\AppData\Roaming\Unreal Engine\AutomationTool\Logs\P+UE_4.25\UBT-UE4Game-Win64-Shipping.txt"
[2020.10.02-06.04.41:039][ 35]UATHelper: Package Plugin Task (Windows):   Parsing headers for UE4Game
[2020.10.02-06.04.41:065][ 38]UATHelper: Package Plugin Task (Windows):     Running UnrealHeaderTool "W:\Unreal\UnrealInk\Builds\UnrealInk\HostProject\HostProject.uproject" "W:\Unreal\UnrealInk\Builds\UnrealInk\HostProject\Intermediate\Build\Win64\UE4Game\Shipping\UE4Game.uhtmanifest" -LogCmds="loginit warning, logexit warning, logdatabase error" -Unattended -WarningsAsErrors -abslog="C:\Users\Alex\AppData\Roaming\Unreal Engine\AutomationTool\Logs\P+UE_4.25\UHT-UE4Game-Win64-Shipping.txt" -installed
[2020.10.02-06.04.44:416][440]UATHelper: Package Plugin Task (Windows):   Reflection code generated for UE4Game in 3.3494184 seconds
[2020.10.02-06.04.44:623][465]UATHelper: Package Plugin Task (Windows):   Writing manifest to W:\Unreal\UnrealInk\Builds\UnrealInk\HostProject\Saved\Manifest-UE4Game-Win64-Shipping.xml
[2020.10.02-06.04.44:715][476]UATHelper: Package Plugin Task (Windows):   Building UE4Game...
[2020.10.02-06.04.44:715][476]UATHelper: Package Plugin Task (Windows):   Using Visual Studio 2017 14.16.27043 toolchain (P:\Microsoft Visual Studio\2017\Community\VC\Tools\MSVC\14.16.27023) and Windows 10.0.18362.0 SDK (P:\Windows Kits\10).
[2020.10.02-06.04.44:724][477]UATHelper: Package Plugin Task (Windows):   Building 2 actions with 12 processes...
[2020.10.02-06.04.47:144][767]UATHelper: Package Plugin Task (Windows):     [1/2] Module.Ink.gen.cpp
[2020.10.02-06.04.47:203][774]UATHelper: Package Plugin Task (Windows):     [2/2] Module.Ink.cpp
[2020.10.02-06.04.47:203][774]UATHelper: Package Plugin Task (Windows):   Total time in Parallel executor: 2.48 seconds
[2020.10.02-06.04.47:203][774]UATHelper: Package Plugin Task (Windows):   Total execution time: 7.06 seconds
[2020.10.02-06.04.47:243][779]UATHelper: Package Plugin Task (Windows): Took 7.1289967s to run UnrealBuildTool.exe, ExitCode=0
[2020.10.02-06.04.47:243][779]UATHelper: Package Plugin Task (Windows): Running: P:\UE_4.25\Engine\Binaries\DotNET\UnrealBuildTool.exe UE4Game Win32 Development -Project=W:\Unreal\UnrealInk\Builds\UnrealInk\HostProject\HostProject.uproject -plugin=W:\Unreal\UnrealInk\Builds\UnrealInk\HostProject\Plugins\UnrealInk\UnrealInk.uplugin -iwyu -noubtmakefiles -manifest=W:\Unreal\UnrealInk\Builds\UnrealInk\HostProject\Saved\Manifest-UE4Game-Win32-Development.xml -nohotreload -2017 -log="C:\Users\Alex\AppData\Roaming\Unreal Engine\AutomationTool\Logs\P+UE_4.25\UBT-UE4Game-Win32-Development.txt"
[2020.10.02-06.04.48:185][885]UATHelper: Package Plugin Task (Windows):   Parsing headers for UE4Game
[2020.10.02-06.04.48:210][888]UATHelper: Package Plugin Task (Windows):     Running UnrealHeaderTool "W:\Unreal\UnrealInk\Builds\UnrealInk\HostProject\HostProject.uproject" "W:\Unreal\UnrealInk\Builds\UnrealInk\HostProject\Intermediate\Build\Win32\UE4Game\Development\UE4Game.uhtmanifest" -LogCmds="loginit warning, logexit warning, logdatabase error" -Unattended -WarningsAsErrors -abslog="C:\Users\Alex\AppData\Roaming\Unreal Engine\AutomationTool\Logs\P+UE_4.25\UHT-UE4Game-Win32-Development.txt" -installed
[2020.10.02-06.04.51:739][311]UATHelper: Package Plugin Task (Windows):   Reflection code generated for UE4Game in 3.5287918 seconds
[2020.10.02-06.04.51:971][339]UATHelper: Package Plugin Task (Windows):   Writing manifest to W:\Unreal\UnrealInk\Builds\UnrealInk\HostProject\Saved\Manifest-UE4Game-Win32-Development.xml
[2020.10.02-06.04.52:023][345]UATHelper: Package Plugin Task (Windows):   Building UE4Game...
[2020.10.02-06.04.52:023][345]UATHelper: Package Plugin Task (Windows):   Using Visual Studio 2017 14.16.27043 toolchain (P:\Microsoft Visual Studio\2017\Community\VC\Tools\MSVC\14.16.27023) and Windows 10.0.18362.0 SDK (P:\Windows Kits\10).
[2020.10.02-06.04.52:039][347]UATHelper: Package Plugin Task (Windows):   Building 2 actions with 12 processes...
[2020.10.02-06.04.55:172][723]UATHelper: Package Plugin Task (Windows):     [1/2] Module.Ink.gen.cpp
[2020.10.02-06.04.55:216][728]UATHelper: Package Plugin Task (Windows):     [2/2] Module.Ink.cpp
[2020.10.02-06.04.55:216][728]UATHelper: Package Plugin Task (Windows):   Total time in Parallel executor: 3.18 seconds
[2020.10.02-06.04.55:216][728]UATHelper: Package Plugin Task (Windows):   Total execution time: 7.94 seconds
[2020.10.02-06.04.55:247][732]UATHelper: Package Plugin Task (Windows): Took 8.0051282s to run UnrealBuildTool.exe, ExitCode=0
[2020.10.02-06.04.55:247][732]UATHelper: Package Plugin Task (Windows): Running: P:\UE_4.25\Engine\Binaries\DotNET\UnrealBuildTool.exe UE4Game Win32 Shipping -Project=W:\Unreal\UnrealInk\Builds\UnrealInk\HostProject\HostProject.uproject -plugin=W:\Unreal\UnrealInk\Builds\UnrealInk\HostProject\Plugins\UnrealInk\UnrealInk.uplugin -iwyu -noubtmakefiles -manifest=W:\Unreal\UnrealInk\Builds\UnrealInk\HostProject\Saved\Manifest-UE4Game-Win32-Shipping.xml -nohotreload -2017 -log="C:\Users\Alex\AppData\Roaming\Unreal Engine\AutomationTool\Logs\P+UE_4.25\UBT-UE4Game-Win32-Shipping.txt"
[2020.10.02-06.04.56:087][829]UATHelper: Package Plugin Task (Windows):   Parsing headers for UE4Game
[2020.10.02-06.04.56:138][835]UATHelper: Package Plugin Task (Windows):     Running UnrealHeaderTool "W:\Unreal\UnrealInk\Builds\UnrealInk\HostProject\HostProject.uproject" "W:\Unreal\UnrealInk\Builds\UnrealInk\HostProject\Intermediate\Build\Win32\UE4Game\Shipping\UE4Game.uhtmanifest" -LogCmds="loginit warning, logexit warning, logdatabase error" -Unattended -WarningsAsErrors -abslog="C:\Users\Alex\AppData\Roaming\Unreal Engine\AutomationTool\Logs\P+UE_4.25\UHT-UE4Game-Win32-Shipping.txt" -installed
[2020.10.02-06.04.59:384][224]UATHelper: Package Plugin Task (Windows):   Reflection code generated for UE4Game in 3.2501605 seconds
[2020.10.02-06.04.59:600][250]UATHelper: Package Plugin Task (Windows):   Writing manifest to W:\Unreal\UnrealInk\Builds\UnrealInk\HostProject\Saved\Manifest-UE4Game-Win32-Shipping.xml
[2020.10.02-06.04.59:649][256]UATHelper: Package Plugin Task (Windows):   Building UE4Game...
[2020.10.02-06.04.59:658][257]UATHelper: Package Plugin Task (Windows):   Using Visual Studio 2017 14.16.27043 toolchain (P:\Microsoft Visual Studio\2017\Community\VC\Tools\MSVC\14.16.27023) and Windows 10.0.18362.0 SDK (P:\Windows Kits\10).
[2020.10.02-06.04.59:668][258]UATHelper: Package Plugin Task (Windows):   Building 2 actions with 12 processes...
[2020.10.02-06.05.02:052][544]UATHelper: Package Plugin Task (Windows):     [1/2] Module.Ink.gen.cpp
[2020.10.02-06.05.02:093][549]UATHelper: Package Plugin Task (Windows):     [2/2] Module.Ink.cpp
[2020.10.02-06.05.02:093][549]UATHelper: Package Plugin Task (Windows):   Total time in Parallel executor: 2.44 seconds
[2020.10.02-06.05.02:103][550]UATHelper: Package Plugin Task (Windows):   Total execution time: 6.82 seconds
[2020.10.02-06.05.02:135][554]UATHelper: Package Plugin Task (Windows): Took 6.8854456s to run UnrealBuildTool.exe, ExitCode=0
[2020.10.02-06.05.02:160][557]UATHelper: Package Plugin Task (Windows): Reading filter rules from W:\Unreal\UnrealInk\Builds\UnrealInk\HostProject\Plugins\UnrealInk\Config\FilterPlugin.ini
[2020.10.02-06.05.02:761][629]UATHelper: Package Plugin Task (Windows): BUILD SUCCESSFUL
[2020.10.02-06.05.02:793][633]UATHelper: Package Plugin Task (Windows): AutomationTool exiting with ExitCode=0 (Success)
[2020.10.02-06.05.09:667][457]LogSlate: Window 'Plugins' being destroyed
[2020.10.02-06.05.09:671][457]LogSlate: Window 'Plugins' being destroyed
[2020.10.02-06.05.09:672][457]LogDirectoryWatcher: A directory notification for '../../../Engine/Plugins/' was aborted.
[2020.10.02-06.05.09:672][457]LogDirectoryWatcher: A directory notification for 'W:/Unreal/UnrealInk/Plugins/' was aborted.
